<?xml version="1.0" encoding="UTF-8"?>
<!-- Generated by org.testng.reporters.JUnitXMLReporter -->
<testsuite ignored="1" hostname="DESKTOP-DKDRSK0" failures="0" tests="1" name="Test" time="13.306" errors="0" timestamp="2025-10-07T11:26:49 IST">
  <testcase classname="com.comcast.crm.orgtest.CreateOrg_withBaseclassUsage" name="createorgtest" time="6.763"/>
  <testcase classname="com.comcast.crm.orgtest.CreateOrg_withBaseclassUsage" name="createorg_withindustrytest" time="0.0">
    <ignored/>
  </testcase> <!-- createorg_withindustrytest -->
</testsuite> <!-- Test -->
